Using pre-set license
Built from '2022.3/release' branch; Version is '2022.3.5f1 (9674261d40ee) revision 9860134'; Using compiler version '192829333'; Build Type 'Release'
OS: 'Windows 10  (10.0.19045) 64bit Enterprise' Language: 'en' Physical Memory: 16222 MB
BatchMode: 1, IsHumanControllingUs: 0, StartBugReporterOnCrash: 0, Is64bit: 1, IsPro: 1

COMMAND LINE ARGUMENTS:
C:\Program Files\Unity\Hub\Editor\2022.3.5f1\Editor\Unity.exe
-adb2
-batchMode
-noUpm
-name
AssetImportWorker2
-projectPath
C:/Users/shaljeff/Documents/GitHub/Jefferson-3258-Final/Jefferson-3258-Final
-logFile
Logs/AssetImportWorker2.log
-srvPort
57432
Successfully changed project path to: C:/Users/shaljeff/Documents/GitHub/Jefferson-3258-Final/Jefferson-3258-Final
C:/Users/shaljeff/Documents/GitHub/Jefferson-3258-Final/Jefferson-3258-Final
[UnityMemory] Configuration Parameters - Can be set up in boot.config
    "memorysetup-bucket-allocator-granularity=16"
    "memorysetup-bucket-allocator-bucket-count=8"
    "memorysetup-bucket-allocator-block-size=33554432"
    "memorysetup-bucket-allocator-block-count=8"
    "memorysetup-main-allocator-block-size=16777216"
    "memorysetup-thread-allocator-block-size=16777216"
    "memorysetup-gfx-main-allocator-block-size=16777216"
    "memorysetup-gfx-thread-allocator-block-size=16777216"
    "memorysetup-cache-allocator-block-size=4194304"
    "memorysetup-typetree-allocator-block-size=2097152"
    "memorysetup-profiler-bucket-allocator-granularity=16"
    "memorysetup-profiler-bucket-allocator-bucket-count=8"
    "memorysetup-profiler-bucket-allocator-block-size=33554432"
    "memorysetup-profiler-bucket-allocator-block-count=8"
    "memorysetup-profiler-allocator-block-size=16777216"
    "memorysetup-profiler-editor-allocator-block-size=1048576"
    "memorysetup-temp-allocator-size-main=16777216"
    "memorysetup-job-temp-allocator-block-size=2097152"
    "memorysetup-job-temp-allocator-block-size-background=1048576"
    "memorysetup-job-temp-allocator-reduction-small-platforms=262144"
    "memorysetup-allocator-temp-initial-block-size-main=262144"
    "memorysetup-allocator-temp-initial-block-size-worker=262144"
    "memorysetup-temp-allocator-size-background-worker=32768"
    "memorysetup-temp-allocator-size-job-worker=262144"
    "memorysetup-temp-allocator-size-preload-manager=33554432"
    "memorysetup-temp-allocator-size-nav-mesh-worker=65536"
    "memorysetup-temp-allocator-size-audio-worker=65536"
    "memorysetup-temp-allocator-size-cloud-worker=32768"
    "memorysetup-temp-allocator-size-gi-baking-worker=262144"
    "memorysetup-temp-allocator-size-gfx=262144"
Player connection [11832] Host "[IP] 129.79.209.92 [Port] 0 [Flags] 2 [Guid] 1605363948 [EditorId] 1605363948 [Version] 1048832 [Id] WindowsEditor(7,IULB-G-FF073-23) [Debug] 1 [PackageName] WindowsEditor [ProjectName] Editor" joined multi-casting on [225.0.0.222:54997]...

Player connection [11832] Host "[IP] 129.79.209.92 [Port] 0 [Flags] 2 [Guid] 1605363948 [EditorId] 1605363948 [Version] 1048832 [Id] WindowsEditor(7,IULB-G-FF073-23) [Debug] 1 [PackageName] WindowsEditor [ProjectName] Editor" joined alternative multi-casting on [225.0.0.222:34997]...

Refreshing native plugins compatible for Editor in 5.50 ms, found 3 plugins.
Preloading 0 native plugins for Editor in 0.00 ms.
Initialize engine version: 2022.3.5f1 (9674261d40ee)
[Subsystems] Discovering subsystems at path C:/Program Files/Unity/Hub/Editor/2022.3.5f1/Editor/Data/Resources/UnitySubsystems
[Subsystems] Discovering subsystems at path C:/Users/shaljeff/Documents/GitHub/Jefferson-3258-Final/Jefferson-3258-Final/Assets
GfxDevice: creating device client; threaded=0; jobified=0
Direct3D:
    Version:  Direct3D 11.0 [level 11.1]
    Renderer: NVIDIA GeForce RTX 4060 Ti (ID=0x2803)
    Vendor:   NVIDIA
    VRAM:     7963 MB
    Driver:   31.0.15.3623
Initialize mono
Mono path[0] = 'C:/Program Files/Unity/Hub/Editor/2022.3.5f1/Editor/Data/Managed'
Mono path[1] = 'C:/Program Files/Unity/Hub/Editor/2022.3.5f1/Editor/Data/MonoBleedingEdge/lib/mono/unityjit-win32'
Mono config path = 'C:/Program Files/Unity/Hub/Editor/2022.3.5f1/Editor/Data/MonoBleedingEdge/etc'
Using monoOptions --debugger-agent=transport=dt_socket,embedding=1,server=y,suspend=n,address=127.0.0.1:56268
Begin MonoManager ReloadAssembly
Registering precompiled unity dll's ...
Register platform support module: C:/Program Files/Unity/Hub/Editor/2022.3.5f1/Editor/Data/PlaybackEngines/WebGLSupport/UnityEditor.WebGL.Extensions.dll
Register platform support module: C:/Program Files/Unity/Hub/Editor/2022.3.5f1/Editor/Data/PlaybackEngines/AndroidPlayer/UnityEditor.Android.Extensions.dll
Register platform support module: C:/Program Files/Unity/Hub/Editor/2022.3.5f1/Editor/Data/PlaybackEngines/WindowsStandaloneSupport/UnityEditor.WindowsStandalone.Extensions.dll
Register platform support module: C:/Program Files/Unity/Hub/Editor/2022.3.5f1/Editor/Data/PlaybackEngines/LinuxStandaloneSupport/UnityEditor.LinuxStandalone.Extensions.dll
Register platform support module: C:/Program Files/Unity/Hub/Editor/2022.3.5f1/Editor/Data/PlaybackEngines/MetroSupport/UnityEditor.UWP.Extensions.dll
Registered in 0.009460 seconds.
- Loaded All Assemblies, in  0.300 seconds
Native extension for UWP target not found
Native extension for LinuxStandalone target not found
Native extension for WindowsStandalone target not found
Native extension for Android target not found
Native extension for WebGL target not found
Mono: successfully reloaded assembly
- Finished resetting the current domain, in  0.290 seconds
Domain Reload Profiling: 588ms
	BeginReloadAssembly (74ms)
		ExecutionOrderSort (0ms)
		DisableScriptedObjects (0ms)
		BackupInstance (0ms)
		ReleaseScriptingObjects (0ms)
		CreateAndSetChildDomain (0ms)
	RebuildCommonClasses (30ms)
	RebuildNativeTypeToScriptingClass (10ms)
	initialDomainReloadingComplete (55ms)
	LoadAllAssembliesAndSetupDomain (129ms)
		LoadAssemblies (74ms)
		RebuildTransferFunctionScriptingTraits (0ms)
		AnalyzeDomain (124ms)
			TypeCache.Refresh (123ms)
				TypeCache.ScanAssembly (113ms)
			ScanForSourceGeneratedMonoScriptInfo (0ms)
			ResolveRequiredComponents (0ms)
	FinalizeReload (290ms)
		ReleaseScriptCaches (0ms)
		RebuildScriptCaches (0ms)
		SetupLoadedEditorAssemblies (238ms)
			LogAssemblyErrors (0ms)
			InitializePlatformSupportModulesInManaged (104ms)
			SetLoadedEditorAssemblies (4ms)
			RefreshPlugins (0ms)
			BeforeProcessingInitializeOnLoad (2ms)
			ProcessInitializeOnLoadAttributes (88ms)
			ProcessInitializeOnLoadMethodAttributes (41ms)
			AfterProcessingInitializeOnLoad (0ms)
			EditorAssembliesLoaded (0ms)
		ExecutionOrderSort2 (0ms)
		AwakeInstancesAfterBackupRestoration (0ms)
========================================================================
Worker process is ready to serve import requests
Begin MonoManager ReloadAssembly
- Loaded All Assemblies, in  0.652 seconds
Refreshing native plugins compatible for Editor in 2.18 ms, found 3 plugins.
Native extension for UWP target not found
Native extension for LinuxStandalone target not found
Native extension for WindowsStandalone target not found
Native extension for Android target not found
Native extension for WebGL target not found
System.Exception: Error! Visual Scripting: couldn't find visual scripting package
  at Unity.VisualScripting.PackageVersionUtility.get_version () [0x00043] in .\Library\PackageCache\com.unity.visualscripting@1.8.0\Editor\VisualScripting.Core\Utilities\PackageVersionUtility.cs:31 
  at Unity.VisualScripting.BoltCoreManifest.get_version () [0x00000] in .\Library\PackageCache\com.unity.visualscripting@1.8.0\Editor\VisualScripting.Core\Plugin\BoltCoreManifest.cs:11 
  at Unity.VisualScripting.PluginManifest.get_currentVersion () [0x00000] in .\Library\PackageCache\com.unity.visualscripting@1.8.0\Editor\VisualScripting.Core\Plugins\PluginManifest.cs:33 
  at Unity.VisualScripting.PluginManifest.get_versionMismatch () [0x00000] in .\Library\PackageCache\com.unity.visualscripting@1.8.0\Editor\VisualScripting.Core\Plugins\PluginManifest.cs:48 
  at Unity.VisualScripting.PluginContainer.Initialize () [0x00525] in .\Library\PackageCache\com.unity.visualscripting@1.8.0\Editor\VisualScripting.Core\Plugins\PluginContainer.cs:208 
  at Unity.VisualScripting.PluginContainer.InitializeOnLoad () [0x00009] in .\Library\PackageCache\com.unity.visualscripting@1.8.0\Editor\VisualScripting.Core\Plugins\PluginContainer.cs:32 
  at Unity.VisualScripting.VSUsageUtility.DoInitializeOnLoadCalls () [0x00034] in .\Library\PackageCache\com.unity.visualscripting@1.8.0\Editor\VisualScripting.Core\Utilities\VSUsageUtility.cs:76 
  at Unity.VisualScripting.VSUsageUtility.set_isVisualScriptingUsed (System.Boolean value) [0x0002c] in .\Library\PackageCache\com.unity.visualscripting@1.8.0\Editor\VisualScripting.Core\Utilities\VSUsageUtility.cs:114 
  at Unity.VisualScripting.VSUsageUtility.CheckAndSetIsVisualScriptingUsed () [0x00032] in .\Library\PackageCache\com.unity.visualscripting@1.8.0\Editor\VisualScripting.Core\Utilities\VSUsageUtility.cs:48 
  at Unity.VisualScripting.VSUsageUtility..cctor () [0x00000] in .\Library\PackageCache\com.unity.visualscripting@1.8.0\Editor\VisualScripting.Core\Utilities\VSUsageUtility.cs:22 
UnityEngine.StackTraceUtility:ExtractStackTrace ()
UnityEngine.DebugLogHandler:LogFormat (UnityEngine.LogType,UnityEngine.Object,string,object[])
UnityEngine.Logger:Log (UnityEngine.LogType,object)
UnityEngine.Debug:LogError (object)
UnityEditor.EditorAssemblies:ProcessInitializeOnLoadAttributes (System.Type[])

Mono: successfully reloaded assembly
- Finished resetting the current domain, in  0.865 seconds
Domain Reload Profiling: 1515ms
	BeginReloadAssembly (107ms)
		ExecutionOrderSort (0ms)
		DisableScriptedObjects (5ms)
		BackupInstance (0ms)
		ReleaseScriptingObjects (0ms)
		CreateAndSetChildDomain (20ms)
	RebuildCommonClasses (28ms)
	RebuildNativeTypeToScriptingClass (10ms)
	initialDomainReloadingComplete (37ms)
	LoadAllAssembliesAndSetupDomain (467ms)
		LoadAssemblies (238ms)
		RebuildTransferFunctionScriptingTraits (0ms)
		AnalyzeDomain (276ms)
			TypeCache.Refresh (252ms)
				TypeCache.ScanAssembly (240ms)
			ScanForSourceGeneratedMonoScriptInfo (16ms)
			ResolveRequiredComponents (8ms)
	FinalizeReload (866ms)
		ReleaseScriptCaches (0ms)
		RebuildScriptCaches (0ms)
		SetupLoadedEditorAssemblies (699ms)
			LogAssemblyErrors (0ms)
			InitializePlatformSupportModulesInManaged (25ms)
			SetLoadedEditorAssemblies (3ms)
			RefreshPlugins (0ms)
			BeforeProcessingInitializeOnLoad (53ms)
			ProcessInitializeOnLoadAttributes (597ms)
			ProcessInitializeOnLoadMethodAttributes (16ms)
			AfterProcessingInitializeOnLoad (5ms)
			EditorAssembliesLoaded (0ms)
		ExecutionOrderSort2 (0ms)
		AwakeInstancesAfterBackupRestoration (5ms)
Launched and connected shader compiler UnityShaderCompiler.exe after 0.04 seconds
Refreshing native plugins compatible for Editor in 1.22 ms, found 3 plugins.
Preloading 0 native plugins for Editor in 0.00 ms.
Unloading 3569 Unused Serialized files (Serialized files now loaded: 0)
Unloading 37 unused Assets / (122.3 KB). Loaded Objects now: 4038.
Memory consumption went from 144.2 MB to 144.0 MB.
Total: 8.359400 ms (FindLiveObjects: 0.175400 ms CreateObjectMapping: 0.046600 ms MarkObjects: 7.999800 ms  DeleteObjects: 0.136500 ms)

AssetImportParameters requested are different than current active one (requested -> active):
  custom:container-demuxer-ogg: 62fdf1f143b41e24485cea50d1cbac27 -> 
  custom:video-decoder-ogg-theora: a1e56fd34408186e4bbccfd4996cb3dc -> 
  custom:framework-win-MediaFoundation: 216162199b28c13a410421893ffa2e32 -> 
  custom:CustomObjectIndexerAttribute: 756ad292c208cfabdd7b50bc23989ffe -> 
  custom:container-demuxer-webm: 4f35f7cbe854078d1ac9338744f61a02 -> 
  custom:container-muxer-webm: aa71ff27fc2769a1b78a27578f13a17b -> 
  custom:video-decoder-webm-vp8: 9c59270c3fd7afecdb556c50c9e8de78 -> 
  custom:AudioImporter_EditorPlatform: d09bf68614088b80899f8185d706f6e7 -> 
  custom:video-encoder-webm-vp8: eb34c28f22e8b96e1ab97ce403110664 -> 
  custom:audio-decoder-ogg-vorbis: bf7c407c2cedff20999df2af8eb42d56 -> 
  custom:audio-encoder-webm-vorbis: bf7c407c2cedff20999df2af8eb42d56 -> 
========================================================================
Received Import Request.
  Time since last request: 43240.528532 seconds.
  path: Assets/Get Delta Time.asset
  artifactKey: Guid(07db67cf54beebf468aec1ab0d4db841) Importer(815301076,1909f56bfc062723c751e8b465ee728b)
Start importing Assets/Get Delta Time.asset using Guid(07db67cf54beebf468aec1ab0d4db841) Importer(815301076,1909f56bfc062723c751e8b465ee728b)  -> (artifact id: '1f18c0cf7f3300e7f06175358e11e98e') in 0.406154 seconds
Number of updated asset objects reloaded before import = 0
Number of asset objects unloaded after import = 1
========================================================================
Received Import Request.
  Time since last request: 0.000020 seconds.
  path: Assets/Player.asset
  artifactKey: Guid(dedcf68e3f2e42c44ac569d5d253f79b) Importer(815301076,1909f56bfc062723c751e8b465ee728b)
Start importing Assets/Player.asset using Guid(dedcf68e3f2e42c44ac569d5d253f79b) Importer(815301076,1909f56bfc062723c751e8b465ee728b)  -> (artifact id: '07c24bb84354e37909828195b46a8017') in 0.096117 seconds
Number of updated asset objects reloaded before import = 0
Number of asset objects unloaded after import = 2
========================================================================
Received Import Request.
  Time since last request: 0.628251 seconds.
  path: Assets/Textures/colormap.png
  artifactKey: Guid(01ab17b190901a541a825847e678631e) Importer(815301076,1909f56bfc062723c751e8b465ee728b)
Start importing Assets/Textures/colormap.png using Guid(01ab17b190901a541a825847e678631e) Importer(815301076,1909f56bfc062723c751e8b465ee728b)  -> (artifact id: 'e608eee76fa3c449e7d0fe41e8e97d33') in 0.041368 seconds
Number of updated asset objects reloaded before import = 0
Number of asset objects unloaded after import = 2
========================================================================
Received Import Request.
  Time since last request: 119.539283 seconds.
  path: Assets/banner.fbx
  artifactKey: Guid(cdde9e6c28363f144ab3c93f764d07ee) Importer(815301076,1909f56bfc062723c751e8b465ee728b)
Start importing Assets/banner.fbx using Guid(cdde9e6c28363f144ab3c93f764d07ee) Importer(815301076,1909f56bfc062723c751e8b465ee728b)  -> (artifact id: 'd3e2d55cba8d970defa1aebf835a4c81') in 0.137650 seconds
Number of updated asset objects reloaded before import = 0
Number of asset objects unloaded after import = 9
========================================================================
Received Import Request.
  Time since last request: 0.000015 seconds.
  path: Assets/wood-support.fbx
  artifactKey: Guid(5e189cfc6dfa82747b2ac666c39df45f) Importer(815301076,1909f56bfc062723c751e8b465ee728b)
Start importing Assets/wood-support.fbx using Guid(5e189cfc6dfa82747b2ac666c39df45f) Importer(815301076,1909f56bfc062723c751e8b465ee728b)  -> (artifact id: '90c8b447ff6a8e4d40e965c1c12bf302') in 0.015266 seconds
Number of updated asset objects reloaded before import = 0
Number of asset objects unloaded after import = 9
========================================================================
Received Import Request.
  Time since last request: 0.000021 seconds.
  path: Assets/floor.fbx
  artifactKey: Guid(ee59f25319e8dd243abfef788d06b6a4) Importer(815301076,1909f56bfc062723c751e8b465ee728b)
Start importing Assets/floor.fbx using Guid(ee59f25319e8dd243abfef788d06b6a4) Importer(815301076,1909f56bfc062723c751e8b465ee728b)  -> (artifact id: 'b0736bb6775e1bd8199424deb173f158') in 0.014988 seconds
Number of updated asset objects reloaded before import = 0
Number of asset objects unloaded after import = 9
========================================================================
Received Import Request.
  Time since last request: 0.000012 seconds.
  path: Assets/wood-structure.fbx
  artifactKey: Guid(851ee27a6598827469acef007b1473f4) Importer(815301076,1909f56bfc062723c751e8b465ee728b)
Start importing Assets/wood-structure.fbx using Guid(851ee27a6598827469acef007b1473f4) Importer(815301076,1909f56bfc062723c751e8b465ee728b)  -> (artifact id: 'bb418a1c085369abe6b941cdaf307704') in 0.012146 seconds
Number of updated asset objects reloaded before import = 0
Number of asset objects unloaded after import = 9
========================================================================
Received Import Request.
  Time since last request: 0.000012 seconds.
  path: Assets/trap.fbx
  artifactKey: Guid(9866e2dbf270ea941aa605b50bd52797) Importer(815301076,1909f56bfc062723c751e8b465ee728b)
Start importing Assets/trap.fbx using Guid(9866e2dbf270ea941aa605b50bd52797) Importer(815301076,1909f56bfc062723c751e8b465ee728b)  -> (artifact id: '89398c67e454815fb7b29a9b6bacdbfc') in 0.017504 seconds
Number of updated asset objects reloaded before import = 0
Number of asset objects unloaded after import = 17
========================================================================
Received Import Request.
  Time since last request: 0.000012 seconds.
  path: Assets/wall-narrow.fbx
  artifactKey: Guid(0a14db63b00ad224fa0e0e7bd44ac74c) Importer(815301076,1909f56bfc062723c751e8b465ee728b)
Start importing Assets/wall-narrow.fbx using Guid(0a14db63b00ad224fa0e0e7bd44ac74c) Importer(815301076,1909f56bfc062723c751e8b465ee728b)  -> (artifact id: 'bbf8643048ad81c9fa9aa4df2bae05dc') in 0.014222 seconds
Number of updated asset objects reloaded before import = 0
Number of asset objects unloaded after import = 9
========================================================================
Received Import Request.
  Time since last request: 0.000013 seconds.
  path: Assets/column.fbx
  artifactKey: Guid(a80ac0a1303a819438c906fd2791aca2) Importer(815301076,1909f56bfc062723c751e8b465ee728b)
Start importing Assets/column.fbx using Guid(a80ac0a1303a819438c906fd2791aca2) Importer(815301076,1909f56bfc062723c751e8b465ee728b)  -> (artifact id: '080406eff5880680580257bdaddfca86') in 0.015184 seconds
Number of updated asset objects reloaded before import = 0
Number of asset objects unloaded after import = 9
========================================================================
Received Import Request.
  Time since last request: 0.000015 seconds.
  path: Assets/wall-opening.fbx
  artifactKey: Guid(27277db53b4b85e4d87089d867abaaaf) Importer(815301076,1909f56bfc062723c751e8b465ee728b)
Start importing Assets/wall-opening.fbx using Guid(27277db53b4b85e4d87089d867abaaaf) Importer(815301076,1909f56bfc062723c751e8b465ee728b)  -> (artifact id: 'b96f5998fa3ab051fc772e29504806f8') in 0.015633 seconds
Number of updated asset objects reloaded before import = 0
Number of asset objects unloaded after import = 9
========================================================================
Received Import Request.
  Time since last request: 0.000011 seconds.
  path: Assets/chest.fbx
  artifactKey: Guid(e672d1577e649144daa657c81e6e2a7c) Importer(815301076,1909f56bfc062723c751e8b465ee728b)
Start importing Assets/chest.fbx using Guid(e672d1577e649144daa657c81e6e2a7c) Importer(815301076,1909f56bfc062723c751e8b465ee728b)  -> (artifact id: 'c533625264cdea974d03a35bf07704e9') in 0.020624 seconds
Number of updated asset objects reloaded before import = 0
Number of asset objects unloaded after import = 17
========================================================================
Received Import Request.
  Time since last request: 0.000017 seconds.
  path: Assets/dirt.fbx
  artifactKey: Guid(6cf6f20a771d8054fbceba022c83bde7) Importer(815301076,1909f56bfc062723c751e8b465ee728b)
Start importing Assets/dirt.fbx using Guid(6cf6f20a771d8054fbceba022c83bde7) Importer(815301076,1909f56bfc062723c751e8b465ee728b)  -> (artifact id: '0bce70f248da64d50997a3c1bdcbe72b') in 0.014564 seconds
Number of updated asset objects reloaded before import = 0
Number of asset objects unloaded after import = 9
========================================================================
Received Import Request.
  Time since last request: 0.000016 seconds.
  path: Assets/wall-half.fbx
  artifactKey: Guid(6ab4c9329550519429926ed033f9d7d9) Importer(815301076,1909f56bfc062723c751e8b465ee728b)
Start importing Assets/wall-half.fbx using Guid(6ab4c9329550519429926ed033f9d7d9) Importer(815301076,1909f56bfc062723c751e8b465ee728b)  -> (artifact id: 'a1b44ec4214d7c57b9253f554d61b71d') in 0.015386 seconds
Number of updated asset objects reloaded before import = 0
Number of asset objects unloaded after import = 9
========================================================================
Received Import Request.
  Time since last request: 0.000017 seconds.
  path: Assets/rocks.fbx
  artifactKey: Guid(ad572e4b9212f514fb9dba93aa2264c5) Importer(815301076,1909f56bfc062723c751e8b465ee728b)
Start importing Assets/rocks.fbx using Guid(ad572e4b9212f514fb9dba93aa2264c5) Importer(815301076,1909f56bfc062723c751e8b465ee728b)  -> (artifact id: 'a080f0217a6c94233522d653691955ff') in 0.015848 seconds
Number of updated asset objects reloaded before import = 0
Number of asset objects unloaded after import = 9
Editor requested this worker to shutdown with reason: Scaling down because of idle timeout
TcpMessagingSession - receive error: operation aborted. errorcode: 995, details: The I/O operation has been aborted because of either a thread exit or an application request.
AssetImportWorker is now disconnected from the server
Process exiting
Exiting without the bug reporter. Application will terminate with return code 0